# JRE version: OpenJDK Runtime Environment (17.0.11) (build 17.0.11+0--11852314)
# Java VM: OpenJDK 64-Bit Server VM (17.0.11+0--11852314, mixed mode, tiered, compressed oops, compressed class ptrs, g1 gc, windows-amd64)
GC Precious Log:
 CPUs: 12 total, 12 available
 Memory: 7916M
 Large Page Support: Disabled
 NUMA Support: Disabled
 Compressed Oops: Enabled (32-bit)
 Heap Region Size: 1M
 Heap Min Capacity: 8M
 Heap Initial Capacity: 124M
 Heap Max Capacity: 2G
 Pre-touch: Disabled
 Parallel Workers: 10
 Concurrent Workers: 3
 Concurrent Refinement Workers: 10
 Periodic GC: Disabled
Heap:
 garbage-first heap   total 413696K, used 180030K [0x0000000080000000, 0x0000000100000000)
  region size 1024K, 9 young (9216K), 9 survivors (9216K)
 Metaspace       used 154429K, committed 155264K, reserved 1245184K
  class space    used 19797K, committed 20160K, reserved 1048576K
GC Heap History (20 events):
Event: 9.156 GC heap after
{Heap after GC invocations=33 (full 0):
 garbage-first heap   total 184320K, used 93794K [0x0000000080000000, 0x0000000100000000)
  region size 1024K, 2 young (2048K), 2 survivors (2048K)
 Metaspace       used 91138K, committed 91904K, reserved 1179648K
  class space    used 12624K, committed 12992K, reserved 1048576K
}
Event: 9.842 GC heap before
{Heap before GC invocations=33 (full 0):
 garbage-first heap   total 184320K, used 154210K [0x0000000080000000, 0x0000000100000000)
  region size 1024K, 54 young (55296K), 2 survivors (2048K)
 Metaspace       used 96730K, committed 97472K, reserved 1179648K
  class space    used 13165K, committed 13504K, reserved 1048576K
}
Event: 9.846 GC heap after
{Heap after GC invocations=34 (full 0):
 garbage-first heap   total 413696K, used 104181K [0x0000000080000000, 0x0000000100000000)
  region size 1024K, 5 young (5120K), 5 survivors (5120K)
 Metaspace       used 96730K, committed 97472K, reserved 1179648K
  class space    used 13165K, committed 13504K, reserved 1048576K
}
Event: 11.075 GC heap before
{Heap before GC invocations=35 (full 0):
 garbage-first heap   total 355328K, used 238325K [0x0000000080000000, 0x0000000100000000)
  region size 1024K, 135 young (138240K), 5 survivors (5120K)
 Metaspace       used 108599K, committed 109312K, reserved 1179648K
  class space    used 14594K, committed 14912K, reserved 1048576K
}
Event: 11.109 GC heap after
{Heap after GC invocations=36 (full 0):
 garbage-first heap   total 355328K, used 110435K [0x0000000080000000, 0x0000000100000000)
  region size 1024K, 11 young (11264K), 11 survivors (11264K)
 Metaspace       used 108599K, committed 109312K, reserved 1179648K
  class space    used 14594K, committed 14912K, reserved 1048576K
}
Event: 11.140 GC heap before
{Heap before GC invocations=36 (full 0):
 garbage-first heap   total 355328K, used 116579K [0x0000000080000000, 0x0000000100000000)
  region size 1024K, 17 young (17408K), 11 survivors (11264K)
 Metaspace       used 108652K, committed 109312K, reserved 1179648K
  class space    used 14598K, committed 14912K, reserved 1048576K
}
Event: 11.173 GC heap after
{Heap after GC invocations=37 (full 0):
 garbage-first heap   total 355328K, used 111501K [0x0000000080000000, 0x0000000100000000)
  region size 1024K, 2 young (2048K), 2 survivors (2048K)
 Metaspace       used 108652K, committed 109312K, reserved 1179648K
  class space    used 14598K, committed 14912K, reserved 1048576K
}
Event: 13.505 GC heap before
{Heap before GC invocations=37 (full 0):
 garbage-first heap   total 355328K, used 274317K [0x0000000080000000, 0x0000000100000000)
  region size 1024K, 161 young (164864K), 2 survivors (2048K)
 Metaspace       used 129626K, committed 130368K, reserved 1179648K
  class space    used 16835K, committed 17152K, reserved 1048576K
}
Event: 13.512 GC heap after
{Heap after GC invocations=38 (full 0):
 garbage-first heap   total 355328K, used 115926K [0x0000000080000000, 0x0000000100000000)
  region size 1024K, 7 young (7168K), 7 survivors (7168K)
 Metaspace       used 129626K, committed 130368K, reserved 1179648K
  class space    used 16835K, committed 17152K, reserved 1048576K
}
Event: 15.709 GC heap before
{Heap before GC invocations=38 (full 0):
 garbage-first heap   total 355328K, used 238806K [0x0000000080000000, 0x0000000100000000)
  region size 1024K, 122 young (124928K), 7 survivors (7168K)
 Metaspace       used 131947K, committed 132736K, reserved 1179648K
  class space    used 17101K, committed 17472K, reserved 1048576K
}
Event: 15.740 GC heap after
{Heap after GC invocations=39 (full 0):
 garbage-first heap   total 355328K, used 135722K [0x0000000080000000, 0x0000000100000000)
  region size 1024K, 22 young (22528K), 22 survivors (22528K)
 Metaspace       used 131947K, committed 132736K, reserved 1179648K
  class space    used 17101K, committed 17472K, reserved 1048576K
}
Event: 17.866 GC heap before
{Heap before GC invocations=39 (full 0):
 garbage-first heap   total 355328K, used 288298K [0x0000000080000000, 0x0000000100000000)
  region size 1024K, 165 young (168960K), 22 survivors (22528K)
 Metaspace       used 138655K, committed 139456K, reserved 1179648K
  class space    used 17867K, committed 18240K, reserved 1048576K
}
Event: 17.941 GC heap after
{Heap after GC invocations=40 (full 0):
 garbage-first heap   total 355328K, used 154520K [0x0000000080000000, 0x0000000100000000)
  region size 1024K, 15 young (15360K), 15 survivors (15360K)
 Metaspace       used 138655K, committed 139456K, reserved 1179648K
  class space    used 17867K, committed 18240K, reserved 1048576K
}
Event: 20.095 GC heap before
{Heap before GC invocations=40 (full 0):
 garbage-first heap   total 355328K, used 289688K [0x0000000080000000, 0x0000000100000000)
  region size 1024K, 141 young (144384K), 15 survivors (15360K)
 Metaspace       used 147376K, committed 148224K, reserved 1179648K
  class space    used 19044K, committed 19392K, reserved 1048576K
}
Event: 20.121 GC heap after
{Heap after GC invocations=41 (full 0):
 garbage-first heap   total 355328K, used 164246K [0x0000000080000000, 0x0000000100000000)
  region size 1024K, 9 young (9216K), 9 survivors (9216K)
 Metaspace       used 147376K, committed 148224K, reserved 1179648K
  class space    used 19044K, committed 19392K, reserved 1048576K
}
Event: 21.147 GC heap before
{Heap before GC invocations=42 (full 0):
 garbage-first heap   total 355328K, used 286102K [0x0000000080000000, 0x0000000100000000)
  region size 1024K, 128 young (131072K), 9 survivors (9216K)
 Metaspace       used 147843K, committed 148672K, reserved 1179648K
  class space    used 19070K, committed 19456K, reserved 1048576K
}
Event: 21.158 GC heap after
{Heap after GC invocations=43 (full 0):
 garbage-first heap   total 355328K, used 175067K [0x0000000080000000, 0x0000000100000000)
  region size 1024K, 16 young (16384K), 16 survivors (16384K)
 Metaspace       used 147843K, committed 148672K, reserved 1179648K
  class space    used 19070K, committed 19456K, reserved 1048576K
}
Event: 21.161 GC heap before
{Heap before GC invocations=43 (full 0):
 garbage-first heap   total 355328K, used 176091K [0x0000000080000000, 0x0000000100000000)
  region size 1024K, 17 young (17408K), 16 survivors (16384K)
 Metaspace       used 147843K, committed 148672K, reserved 1179648K
  class space    used 19070K, committed 19456K, reserved 1048576K
}
Event: 21.181 GC heap after
{Heap after GC invocations=44 (full 0):
 garbage-first heap   total 355328K, used 173367K [0x0000000080000000, 0x0000000100000000)
  region size 1024K, 2 young (2048K), 2 survivors (2048K)
 Metaspace       used 147843K, committed 148672K, reserved 1179648K
  class space    used 19070K, committed 19456K, reserved 1048576K
}
Event: 23.457 GC heap before
{Heap before GC invocations=44 (full 0):
 garbage-first heap   total 355328K, used 286007K [0x0000000080000000, 0x0000000100000000)
  region size 1024K, 111 young (113664K), 2 survivors (2048K)
 Metaspace       used 154429K, committed 155264K, reserved 1245184K
  class space    used 19797K, committed 20160K, reserved 1048576K
}

